<?xml version="1.0" encoding="UTF-8"?>
<!-- Generated by org.testng.reporters.JUnitReportReporter -->
<testsuite hostname="Crane" name="com.jxrt.test.Team2Test" tests="1" failures="0" timestamp="30 Nov 2018 11:53:36 GMT" time="81.356" errors="0">
  <testcase name="TestFinanceDataOpeApproveNoPass" time="81.356" classname="com.jxrt.test.Team2Test"/>
</testsuite> <!-- com.jxrt.test.Team2Test -->
