<?xml version="1.0" encoding="UTF-8"?>
<!-- Generated by org.testng.reporters.JUnitReportReporter -->
<testsuite hostname="Crane" name="com.jxrt.test.Team2Test" tests="1" failures="0" timestamp="29 Dec 2018 06:54:32 GMT" time="49.721" errors="0">
  <testcase name="TestPayrollCreditApplySearchIssuingTabPage" time="49.721" classname="com.jxrt.test.Team2Test"/>
</testsuite> <!-- com.jxrt.test.Team2Test -->
