<?xml version="1.0" encoding="UTF-8"?>
<!-- Generated by org.testng.reporters.JUnitReportReporter -->
<testsuite hostname="Crane" name="com.jxrt.test.Team2Test" tests="1" failures="0" timestamp="2 Jan 2019 09:15:09 GMT" time="29.996" errors="0">
  <testcase name="TestRedeemNotice1208SendEmailReceivable" time="29.996" classname="com.jxrt.test.Team2Test"/>
</testsuite> <!-- com.jxrt.test.Team2Test -->
