<?xml version="1.0" encoding="UTF-8"?>
<!-- Generated by org.testng.reporters.JUnitReportReporter -->
<testsuite hostname="Crane" name="com.jxrt.test.Team2Test" tests="1" failures="0" timestamp="28 Nov 2018 06:55:23 GMT" time="68.103" errors="0">
  <testcase name="TestReceivableApproveNoPassBath" time="68.103" classname="com.jxrt.test.Team2Test"/>
</testsuite> <!-- com.jxrt.test.Team2Test -->
