<?xml version="1.0" encoding="UTF-8"?>
<!-- Generated by org.testng.reporters.JUnitReportReporter -->
<testsuite hostname="Crane" name="com.jxrt.test.Team2Test" tests="1" failures="0" timestamp="4 Jan 2019 06:19:12 GMT" time="222.555" errors="0">
  <testcase name="TestPayrollCreditApplySearchLoanedTabPage" time="222.555" classname="com.jxrt.test.Team2Test"/>
</testsuite> <!-- com.jxrt.test.Team2Test -->
