<?xml version="1.0" encoding="UTF-8"?>
<!-- Generated by org.testng.reporters.JUnitReportReporter -->
<testsuite hostname="Crane" name="com.jxrt.test.Team2Test" tests="3" failures="0" timestamp="23 Nov 2018 11:23:38 GMT" time="164.927" errors="0">
  <testcase name="TestReceivableApproveNoPass" time="65.977" classname="com.jxrt.test.Team2Test"/>
  <testcase name="TestReceivableApprovePass" time="69.903" classname="com.jxrt.test.Team2Test"/>
  <testcase name="TestReceivableApproveNoPassModify" time="29.047" classname="com.jxrt.test.Team2Test"/>
</testsuite> <!-- com.jxrt.test.Team2Test -->
