<?xml version="1.0" encoding="UTF-8"?>
<!-- Generated by org.testng.reporters.JUnitReportReporter -->
<testsuite hostname="Crane" name="com.jxrt.test.Team2Test" tests="1" failures="0" timestamp="26 Mar 2019 05:41:16 GMT" time="178.445" errors="0">
  <testcase name="TestPayrollCreditApplySearchLoanedTabPage" time="178.445" classname="com.jxrt.test.Team2Test"/>
</testsuite> <!-- com.jxrt.test.Team2Test -->
