<?xml version="1.0" encoding="UTF-8"?>
<!-- Generated by org.testng.reporters.JUnitReportReporter -->
<testsuite hostname="Crane" name="com.jxrt.test.Team2Test" tests="1" failures="0" timestamp="30 Jan 2019 14:37:00 GMT" time="39.260" errors="0">
  <testcase name="TestRedeemNotice206SendEmailReceivable" time="39.260" classname="com.jxrt.test.Team2Test"/>
</testsuite> <!-- com.jxrt.test.Team2Test -->
